<?xml version="1.0" encoding="UTF-8" ?>
<testsuite errors="0" failures="0" hostname="Gauss" name="ca.uqac.lif.cornipickle.CssTest" skipped="0" tests="4" time="0.726" timestamp="2015-06-29T18:49:00">
  <properties>
    <property name="java.vendor" value="Oracle Corporation" />
    <property name="sun.java.launcher" value="SUN_STANDARD" />
    <property name="build.mainclass" value="ca.uqac.lif.cornipickle.server.Main" />
    <property name="sun.management.compiler" value="HotSpot 64-Bit Tiered Compilers" />
    <property name="build.libdir" value="lib" />
    <property name="os.name" value="Linux" />
    <property name="sun.boot.class.path" value="/usr/lib/jvm/java-7-openjdk-amd64/jre/lib/resources.jar:/usr/lib/jvm/java-7-openjdk-amd64/jre/lib/rt.jar:/usr/lib/jvm/java-7-openjdk-amd64/jre/lib/sunrsasign.jar:/usr/lib/jvm/java-7-openjdk-amd64/jre/lib/jsse.jar:/usr/lib/jvm/java-7-openjdk-amd64/jre/lib/jce.jar:/usr/lib/jvm/java-7-openjdk-amd64/jre/lib/charsets.jar:/usr/lib/jvm/java-7-openjdk-amd64/jre/lib/rhino.jar:/usr/lib/jvm/java-7-openjdk-amd64/jre/lib/jfr.jar:/usr/lib/jvm/java-7-openjdk-amd64/jre/classes" />
    <property name="jacoco.jarname" value="jacocoant.jar" />
    <property name="sun.desktop" value="gnome" />
    <property name="java.vm.specification.vendor" value="Oracle Corporation" />
    <property name="test.failed" value="true" />
    <property name="ant.home" value="/usr/share/ant" />
    <property name="ant.file.type.AntRun" value="file" />
    <property name="java.runtime.version" value="1.7.0_79-b14" />
    <property name="coverage.reportdir" value="tests/coverage" />
    <property name="build.jar.basename" value="cornipickle" />
    <property name="user.name" value="fguerin" />
    <property name="user.language" value="fr" />
    <property name="sun.boot.library.path" value="/usr/lib/jvm/java-7-openjdk-amd64/jre/lib/amd64" />
    <property name="ant.project.default-target" value="dist" />
    <property name="ant.project.name" value="AntRun" />
    <property name="java.version" value="1.7.0_79" />
    <property name="user.timezone" value="" />
    <property name="sun.arch.data.model" value="64" />
    <property name="java.endorsed.dirs" value="/usr/lib/jvm/java-7-openjdk-amd64/jre/lib/endorsed" />
    <property name="sun.cpu.isalist" value="" />
    <property name="sun.jnu.encoding" value="UTF-8" />
    <property name="file.encoding.pkg" value="sun.io" />
    <property name="file.separator" value="/" />
    <property name="java.specification.name" value="Java Platform API Specification" />
    <property name="antrun.version" value="1.1.1" />
    <property name="java.class.version" value="51.0" />
    <property name="build.dependencies.dependency.files.jar" value="https://wro4j.googlecode.com/files/wro4j-core-1.6.3.jar,https://wro4j.googlecode.com/files/wro4j-runner-1.6.3-jar-with-dependencies.jar,https://json-simple.googlecode.com/files/json-simple-1.1.1.jar" />
    <property name="user.country" value="CA" />
    <property name="java.home" value="/usr/lib/jvm/java-7-openjdk-amd64/jre" />
    <property name="java.vm.info" value="mixed mode" />
    <property name="junit.hamcrest" value="hamcrest-core-1.3.jar" />
    <property name="ant.file" value="/home/fguerin/Documents/cornipickle/build.xml" />
    <property name="os.version" value="3.13.0-55-generic" />
    <property name="build.test.srcdir" value="Source/ServerTest/src" />
    <property name="path.separator" value=":" />
    <property name="java.vm.version" value="24.79-b02" />
    <property name="build.srcdir" value="Source/Server/src" />
    <property name="xmltask.absent" value="false" />
    <property name="ant.library.dir" value="/usr/share/ant/lib" />
    <property name="xmltask.jarname" value="xmltask.jar" />
    <property name="build.jar.withdoc" value="true" />
    <property name="java.awt.printerjob" value="sun.print.PSPrinterJob" />
    <property name="test.reportdir" value="tests/junit" />
    <property name="sun.io.unicode.encoding" value="UnicodeLittle" />
    <property name="awt.toolkit" value="sun.awt.X11.XToolkit" />
    <property name="_jacoco.agentFile" value="/tmp/jacocoagent387382494224036517.jar" />
    <property name="build.jar.withsrc" value="true" />
    <property name="build.author" value="Sylvain HallÃ©" />
    <property name="build.jar.filename" value="cornipickle.jar" />
    <property name="user.home" value="/home/fguerin" />
    <property name="build.dependencies.dependency.files.zip" value="http://archive.apache.org/dist/commons/cli/binaries/commons-cli-1.3.1-bin.zip,http://sylvainhalle.github.io/Bullwinkle/releases/bullwinkle-1.1.2.zip" />
    <property name="build.extdir" value="/usr/java/packages/lib/ext" />
    <property name="java.specification.vendor" value="Oracle Corporation" />
    <property name="java.library.path" value="/usr/java/packages/lib/amd64:/usr/lib/x86_64-linux-gnu/jni:/lib/x86_64-linux-gnu:/usr/lib/x86_64-linux-gnu:/usr/lib/jni:/lib:/usr/lib" />
    <property name="java.vendor.url" value="http://java.oracle.com/" />
    <property name="java.vm.vendor" value="Oracle Corporation" />
    <property name="java.runtime.name" value="OpenJDK Runtime Environment" />
    <property name="sun.java.command" value="org.apache.tools.ant.taskdefs.optional.junit.JUnitTestRunner ca.uqac.lif.cornipickle.CssTest skipNonTests=false filtertrace=true haltOnError=false haltOnFailure=false formatter=org.apache.tools.ant.taskdefs.optional.junit.SummaryJUnitResultFormatter showoutput=false outputtoformatters=true logfailedtests=true logtestlistenerevents=false formatter=org.apache.tools.ant.taskdefs.optional.junit.BriefJUnitResultFormatter formatter=org.apache.tools.ant.taskdefs.optional.junit.XMLJUnitResultFormatter,/home/fguerin/Documents/cornipickle/tests/junit/TEST-ca.uqac.lif.cornipickle.CssTest.xml crashfile=/home/fguerin/Documents/cornipickle/junitvmwatcher2932326686412610863.properties propsfile=/home/fguerin/Documents/cornipickle/junit2246539453180294011.properties" />
    <property name="java.class.path" value="/home/fguerin/Documents/cornipickle/Source/Server/bin:/home/fguerin/Documents/cornipickle/Source/ServerTest/bin:/usr/share/ant/lib/ant-launcher.jar:/usr/share/java/xmlParserAPIs.jar:/usr/share/java/xercesImpl.jar:/usr/share/ant/lib/ant.jar:/usr/share/ant/lib/ant-apache-xalan2.jar:/usr/share/ant/lib/ant-apache-bcel.jar:/usr/share/ant/lib/ant-apache-regexp.jar:/usr/share/ant/lib/ant-commons-net.jar:/usr/share/ant/lib/ant-jsch.jar:/usr/share/ant/lib/ant-junit4.jar:/usr/share/ant/lib/ant-commons-logging.jar:/usr/share/ant/lib/ant-apache-bsf.jar:/usr/share/ant/lib/ant-javamail.jar:/usr/share/ant/lib/ant-jdepend.jar:/usr/share/ant/lib/ant-testutil.jar:/usr/share/ant/lib/ant-apache-log4j.jar:/usr/share/ant/lib/ant-apache-oro.jar:/usr/share/ant/lib/ant-swing.jar:/usr/share/ant/lib/ant-jmf.jar:/usr/share/ant/lib/ant-antlr.jar:/usr/share/ant/lib/ant-junit.jar:/usr/share/ant/lib/ant-apache-resolver.jar:/usr/lib/jvm/java-7-openjdk-amd64/lib/tools.jar:/home/fguerin/Documents/cornipickle/lib/junit-4.12.jar:/home/fguerin/Documents/cornipickle/lib/hamcrest-core-1.3.jar:/usr/share/java/ant-launcher-1.9.3.jar:/tmp/jacocoagent387382494224036517.jar" />
    <property name="ant.version" value="Apache Ant(TM) version 1.9.3 compiled on April 8 2014" />
    <property name="build.dependencies.dependency.classname" value="org.apache.commons.cli.GnuParser,ca.uqac.lif.bullwinkle.BnfParser,ro.isdc.wro.model.resource.processor.impl.js.JSMinProcessor,org.json.simple.parser.JSONParser" />
    <property name="build.docdir" value="doc" />
    <property name="ant.file.AntRun" value="/home/fguerin/Documents/cornipickle/build.xml" />
    <property name="java.vm.specification.name" value="Java Virtual Machine Specification" />
    <property name="ant.file.type" value="file" />
    <property name="java.vm.specification.version" value="1.7" />
    <property name="sun.cpu.endian" value="little" />
    <property name="sun.os.patch.level" value="unknown" />
    <property name="build.version" value="1.0.1" />
    <property name="build.debug" value="true" />
    <property name="java.io.tmpdir" value="/tmp" />
    <property name="build.test.bindir" value="Source/ServerTest/bin" />
    <property name="java.vendor.url.bug" value="http://bugreport.sun.com/bugreport/" />
    <property name="build.bindir" value="Source/Server/bin" />
    <property name="java.awt.graphicsenv" value="sun.awt.X11GraphicsEnvironment" />
    <property name="os.arch" value="amd64" />
    <property name="java.ext.dirs" value="/usr/lib/jvm/java-7-openjdk-amd64/jre/lib/ext:/usr/java/packages/lib/ext" />
    <property name="user.dir" value="/home/fguerin/Documents/cornipickle" />
    <property name="line.separator" value="&#xa;" />
    <property name="java.vm.name" value="OpenJDK 64-Bit Server VM" />
    <property name="jacoco.absent" value="true" />
    <property name="basedir" value="/home/fguerin/Documents/cornipickle" />
    <property name="ant-contrib.absent" value="false" />
    <property name="ant.java.version" value="1.7" />
    <property name="ant.core.lib" value="/usr/share/ant/lib/ant.jar" />
    <property name="build.depdir" value="deps" />
    <property name="junit.absent" value="true" />
    <property name="file.encoding" value="UTF-8" />
    <property name="build.dependencies.dependency.name" value="Apache Commons CLI,Bullwinkle,wro4j,json-simple" />
    <property name="java.specification.version" value="1.7" />
    <property name="build.name" value="Cornipickle" />
    <property name="ant.project.invoked-targets" value="test" />
    <property name="junit.jarname" value="junit-4.12.jar" />
  </properties>
  <testcase classname="ca.uqac.lif.cornipickle.CssTest" name="testCssFetch1" time="0.1" />
  <testcase classname="ca.uqac.lif.cornipickle.CssTest" name="testCssFetch2" time="0.018" />
  <testcase classname="ca.uqac.lif.cornipickle.CssTest" name="testCssFetch3" time="0.026" />
  <testcase classname="ca.uqac.lif.cornipickle.CssTest" name="testCssFetch4" time="0.015" />
  <system-out><![CDATA[]]></system-out>
  <system-err><![CDATA[]]></system-err>
</testsuite>
